Case #1:
1000000000000001 3 7 5 3 7 11 3 5 7
1000000000000101 13 11 3 4751 173 3 53 109 3
1000000000000111 3 5 5 3 7 5 3 5 11
1000000000001001 73 5 3 19 19 3 5 19 3
1000000000010011 3 7 5 3 7 17 3 5 7
1000000000011001 3 11 5 3 7 547 3 5 11
1000000000011011 5 1567 15559 6197 5 5 1031 7 83
1000000000011111 3 19 3 3 7 3 3 5 3
1000000000100101 3 5 5 3 7 5 3 5 7
1000000000101011 3 7 13 3 5 43 3 73 7
1000000000101111 5 5 3 13 37 3 5 41 3
1000000000110001 3 283 5 3 7 13 3 5 11
1000000000110111 3 7 3 3 7 3 3 5 3
1000000000111011 17 41 3 29 73 3 17 17 3
1000000001000011 3 5 5 3 7 5 3 5 11
1000000001001001 3 7 5 3 7 43 3 5 7
1000000001001111 3 11 3 3 7 3 3 5 3
1000000001010101 3 7 13 3 5 17 3 53 7
1000000001010111 5 5 3 13 37 3 5 41 3
1000000001011001 11 5 281 101 5 67 5 13 19
1000000001011011 3 7 3 3 7 3 3 5 3
1000000001011101 17 41 3 313 1297 3 11 17 3
1000000001011111 59 113 7 157 19 1399 7 43 107
1000000001100001 3 5 5 3 7 5 3 5 11
1000000001100111 3 149 3 3 7 3 3 5 3
1000000001101011 5 5 3 13 37 3 5 41 3
1000000001101101 3 7 3 3 7 3 3 5 3
1000000001110011 3 863 3 3 7 3 3 5 3
1000000001110101 5 5 3 13 37 3 5 37 3
1000000001111011 31 557 7 19 23 1129 7 5441 241
1000000001111101 7 19 43 17 55987 23 7 7 31
1000000001111111 3 5 5 3 7 5 3 5 7
1000000010000101 3 61 5 3 7 11 3 5 11
1000000010010001 3 7 5 3 7 43 3 5 7
1000000010011001 7 1667 179 13 5 11 23 7 311
1000000010011011 11 757 3 19 13 3 47 19 3
1000000010100011 3 1259 421 3 5 8893 3 67 17
1000000010100111 5 5 3 13 37 3 5 7 3
1000000010101001 3 5 13 3 5 43 3 73 7
1000000010110101 3 7 3 3 7 3 3 5 3
1000000010111001 31 53 3 17 1373 3 11 3631 3
1000000010111011 3 7 13 3 31 5 3 73 7
1000000011000111 3 61 3 3 7 3 3 5 3
1000000011001101 3 5 3 3 7 3 3 5 3
1000000011010011 3 23 3 3 7 3 3 5 3
1000000011011001 3 7 3 3 7 3 3 5 3
1000000011011111 3 17 5 3 7 71 3 5 11
1000000011100011 5 5 3 7 37 3 5 41 3
1000000011110001 3 17 3 3 7 3 3 5 3
1000000011110111 3 5 5 3 7 5 3 5 11
