Case #1: SOUP
Case #2: AMBIGUOUS
Case #3: ONLB
Case #4: PEAX
Case #5: LXRC
Case #6: AMBIGUOUS
Case #7: EONS
Case #8: BOIV
Case #9: DRDL
Case #10: AMBIGUOUS
Case #11: WEYJ
Case #12: HGVK
Case #13: AMBIGUOUS
Case #14: AMBIGUOUS
Case #15: OSYF
Case #16: MZPW
Case #17: URIJ
Case #18: NV
Case #19: AMBIGUOUS
Case #20: AMBIGUOUS
Case #21: GAEB
Case #22: BAZZ
Case #23: DKMD
Case #24: BPIG
Case #25: JOUF
Case #26: HHAZ
Case #27: AA
Case #28: WW
Case #29: UFEV
Case #30: XD
Case #31: FNKY
Case #32: AMBIGUOUS
Case #33: QMFZ
Case #34: EVGT
Case #35: JWXV
Case #36: AMBIGUOUS
Case #37: VV
Case #38: WFOV
Case #39: XCQM
Case #40: VGQJ
Case #41: PAVC
Case #42: XK
Case #43: YK
Case #44: YFTS
Case #45: BZXQ
Case #46: QGKR
Case #47: OGLU
Case #48: ACPF
Case #49: YLKD
Case #50: WC
Case #51: HPXN
Case #52: AMBIGUOUS
Case #53: QD
Case #54: GZ
Case #55: ZWEB
Case #56: AG
Case #57: CVQA
Case #58: NAJX
Case #59: AMBIGUOUS
Case #60: LDXC
Case #61: FOQD
Case #62: VPRJ
Case #63: HY
Case #64: PSCU
Case #65: GG
Case #66: MCTE
Case #67: VPBY
Case #68: YNYQ
Case #69: VSKW
Case #70: IOVF
Case #71: IN
Case #72: XSCD
Case #73: TDAM
Case #74: PNFC
Case #75: CBYI
Case #76: JFXQ
Case #77: AMBIGUOUS
Case #78: AAAA
Case #79: WCNB
Case #80: JXNW
Case #81: UU
Case #82: YTGJ
Case #83: ELBY
Case #84: LCYF
Case #85: IFFE
Case #86: XP
Case #87: TV
Case #88: SXOG
Case #89: TDGR
Case #90: XS
Case #91: AMBIGUOUS
Case #92: OKKD
Case #93: AMBIGUOUS
Case #94: HHHZ
Case #95: TT
Case #96: LR
Case #97: JZAM
Case #98: EENC
Case #99: AMBIGUOUS
Case #100: ZUGI
