Case #1: SOUP
Case #2: AMBIGUOUS
Case #3: LAIQ
Case #4: ZQCX
Case #5: FFVA
Case #6: LGJI
Case #7: LQPF
Case #8: AZZA
Case #9: RB
Case #10: AAAA
Case #11: ISVZ
Case #12: OPPZ
Case #13: AMBIGUOUS
Case #14: AMBIGUOUS
Case #15: AMBIGUOUS
Case #16: KEET
Case #17: GZ
Case #18: LHAB
Case #19: WHPH
Case #20: AMBIGUOUS
Case #21: AMBIGUOUS
Case #22: EQ
Case #23: AA
Case #24: OOQT
Case #25: PWBQ
Case #26: JQAA
Case #27: BAZZ
Case #28: OLWY
Case #29: JJBE
Case #30: DINM
Case #31: TSQV
Case #32: LQWW
Case #33: OORA
Case #34: VUPL
Case #35: EQKA
Case #36: CTTV
Case #37: QPFM
Case #38: OO
Case #39: DU
Case #40: TXBS
Case #41: ZFEQ
Case #42: SVNC
Case #43: YUZS
Case #44: RXPG
Case #45: AMBIGUOUS
Case #46: SMQH
Case #47: QQ
Case #48: QMWU
Case #49: SLUL
Case #50: AMBIGUOUS
Case #51: AGGA
Case #52: NVKG
Case #53: QIVU
Case #54: WYIM
Case #55: ORAG
Case #56: WUBY
Case #57: AAA
Case #58: HKWE
Case #59: XZ
Case #60: LQYP
Case #61: AMBIGUOUS
Case #62: GBGJ
Case #63: ERCF
Case #64: AMBIGUOUS
Case #65: OYQF
Case #66: AP
Case #67: KQSA
Case #68: PPTA
Case #69: IW
Case #70: AMBIGUOUS
Case #71: MZ
Case #72: FGMF
Case #73: IHVO
Case #74: CCTV
Case #75: ZYXH
Case #76: WWUS
Case #77: AMBIGUOUS
Case #78: PAFA
Case #79: SWLU
Case #80: YATB
Case #81: PL
Case #82: YUHF
Case #83: CPOT
Case #84: DTGX
Case #85: WOKN
Case #86: PUOF
Case #87: APUD
Case #88: AMBIGUOUS
Case #89: AMBIGUOUS
Case #90: UDMR
Case #91: KNJU
Case #92: FC
Case #93: DRJB
Case #94: CRMS
Case #95: VTVB
Case #96: XHTN
Case #97: DVAB
Case #98: BJFY
Case #99: OQCI
Case #100: RGXJ
