Case #1: BA BA 
Case #2: AA C BB CA 
Case #3: CC BA 
Case #4: BB AA CB 
Case #5: B AA CB 
Case #6: AA BB CA 
Case #7: CC AA C BB CA 
Case #8: CC BB CC BA 
Case #9: CC B AA BB CA 
Case #10: C BB CC BB CA 
Case #11: BB AA C BB CA 
Case #12: AA BB AA CB 
Case #13: C AA CB 
Case #14: CC AA BB CA 
Case #15: BB CC BB CA 
Case #16: C AA CC AA CB 
Case #17: BB CA 
Case #18: CC AA CC BA 
Case #19: BB C AA CB 
Case #20: B AA BB CA 
Case #21: BA BA BA 
Case #22: BB CC BA 
Case #23: AA BB C AA CB 
Case #24: C BB CC BA 
Case #25: CC BB AA CB 
Case #26: C BA 
Case #27: CC AA CB 
Case #28: AA CB 
Case #29: AA CC BA BA 
Case #30: AA CC BA 
Case #31: AA CC AA CB 
Case #32: CC CC BA BA 
Case #33: B AA BB AA CB 
Case #34: CC B AA CB 
Case #35: AA CC B AA CB 
Case #36: BB CC B AA CB 
Case #37: C AA CC BA 
Case #38: BB CC BA BA 
Case #39: BB AA CC BA 
Case #40: CC BB CA 
Case #41: BA 
Case #42: CC BB C AA CB 
Case #43: CC BA BA 
Case #44: C BB CA 
Case #45: BA BA BA BA 
Case #46: BB AA BB CA 
